This is pdfTeX, Version 3.1415926-2.3-1.40.12 (TeX Live 2011) (format=pdflatex 2011.9.16)  3 DEC 2014 16:32
entering extended mode
 restricted \write18 enabled.
 %&-line parsing enabled.
**"Side 9 sætningen.tex"
(./Side 9 sætningen.tex
LaTeX2e <2009/09/24>
Babel <v3.8l> and hyphenation patterns for english, dumylang, nohyphenation, ge
rman-x-2009-06-19, ngerman-x-2009-06-19, afrikaans, ancientgreek, ibycus, arabi
c, armenian, basque, bulgarian, catalan, pinyin, coptic, croatian, czech, danis
h, dutch, ukenglish, usenglishmax, esperanto, estonian, ethiopic, farsi, finnis
h, french, galician, german, ngerman, swissgerman, monogreek, greek, hungarian,
 icelandic, assamese, bengali, gujarati, hindi, kannada, malayalam, marathi, or
iya, panjabi, tamil, telugu, indonesian, interlingua, irish, italian, kurmanji,
 lao, latin, latvian, lithuanian, mongolian, mongolianlmc, bokmal, nynorsk, pol
ish, portuguese, romanian, russian, sanskrit, serbian, serbianc, slovak, sloven
ian, spanish, swedish, turkish, turkmen, ukrainian, uppersorbian, welsh, loaded
.
(./simplefamos.cls
Document Class: simplefamos 2006/11/01 LaTeX document class for Famos articles
(/usr/local/texlive/2011/texmf-dist/tex/latex/memoir/memoir.cls
Document Class: memoir 2011/03/06 v3.6j configurable book, report, article docu
ment class
\onelineskip=\skip41
\lxvchars=\skip42
\xlvchars=\skip43
\@memcnta=\count79
\c@@memmarkcntra=\count80
(/usr/local/texlive/2011/texmf-dist/tex/generic/oberdiek/ifpdf.sty
Package: ifpdf 2011/01/30 v2.3 Provides the ifpdf switch (HO)
Package ifpdf Info: pdfTeX in PDF mode is detected.
)
Class memoir Info: An `ifetex' package is being emulated on input line 251.

(/usr/local/texlive/2011/texmf-dist/tex/generic/ifxetex/ifxetex.sty
Package: ifxetex 2010/09/12 v0.6 Provides ifxetex conditional
)
(/usr/local/texlive/2011/texmf-dist/tex/generic/oberdiek/ifluatex.sty
Package: ifluatex 2010/03/01 v1.3 Provides the ifluatex switch (HO)
Package ifluatex Info: LuaTeX not detected.
)
\stockheight=\skip44
\stockwidth=\skip45
\trimtop=\skip46
\trimedge=\skip47

(/usr/local/texlive/2011/texmf-dist/tex/latex/etex-pkg/etex.sty
Package: etex 1998/03/26 v2.0 eTeX basic definition package (PEB)
\et@xins=\count81
)
(/usr/local/texlive/2011/texmf-dist/tex/latex/memoir/mem11.clo
File: mem11.clo 2008/01/30 v0.3 memoir class 11pt size option
)
\binding=\skip48
\spinemargin=\skip49
\foremargin=\skip50
\uppermargin=\skip51
\lowermargin=\skip52
\headdrop=\skip53
\normalrulethickness=\skip54
\mem@maxheadheight=\skip55
\mem@maxfootheight=\skip56
\headwidth=\skip57
\c@storedpagenumber=\count82
\memPD=\dimen102
\m@mabparskip=\skip58
\thanksmarkwidth=\skip59
\thanksmarksep=\skip60
\droptitle=\skip61
\c@book=\count83
\c@part=\count84
\c@chapter=\count85
\c@section=\count86
\c@subsection=\count87
\c@subsubsection=\count88
\c@paragraph=\count89
\c@subparagraph=\count90
\beforechapskip=\skip62
\midchapskip=\skip63
\afterchapskip=\skip64
\chapindent=\skip65
\bottomsectionskip=\skip66
\secindent=\skip67
\beforesecskip=\skip68
\aftersecskip=\skip69
\subsecindent=\skip70
\beforesubsecskip=\skip71
\aftersubsecskip=\skip72
\subsubsecindent=\skip73
\beforesubsubsecskip=\skip74
\aftersubsubsecskip=\skip75
\paraindent=\skip76
\beforeparaskip=\skip77
\afterparaskip=\skip78
\subparaindent=\skip79
\beforesubparaskip=\skip80
\aftersubparaskip=\skip81
\pfbreakskip=\skip82
\c@@ppsavesec=\count91
\c@@ppsaveapp=\count92
\ragrparindent=\dimen103
\everylistparindent=\dimen104
\parsepi=\skip83
\topsepi=\skip84
\itemsepi=\skip85
\parsepii=\skip86
\topsepii=\skip87
\topsepiii=\skip88
\itemsepii=\skip89
\itemsepiii=\skip90
\partopsepii=\skip91
\partopsepiii=\skip92
\m@msavetopsep=\skip93
\m@msavepartopsep=\skip94
\@enLab=\toks14
\abstitleskip=\skip95
\absleftindent=\skip96
\abs@leftindent=\dimen105
\absrightindent=\skip97
\absparindent=\skip98
\absparsep=\skip99
\c@vslineno=\count93
\c@poemline=\count94
\c@modulo@vs=\count95
\c@memfvsline=\count96
\vleftskip=\skip100
\vrightskip=\skip101
\stanzaskip=\skip102
\versewidth=\skip103
\vgap=\skip104
\vindent=\skip105
\vleftmargin=\dimen106
\c@verse=\count97
\c@chrsinstr=\count98
\beforepoemtitleskip=\skip106
\afterpoemtitleskip=\skip107
\c@poem=\count99
\beforePoemTitleskip=\skip108
\midPoemTitleskip=\skip109
\afterPoemTitleskip=\skip110
\col@sep=\dimen107
\extrarowheight=\dimen108
\NC@list=\toks15
\extratabsurround=\skip111
\backup@length=\skip112
\TX@col@width=\dimen109
\TX@old@table=\dimen110
\TX@old@col=\dimen111
\TX@target=\dimen112
\TX@delta=\dimen113
\TX@cols=\count100
\TX@ftn=\toks16
\heavyrulewidth=\dimen114
\lightrulewidth=\dimen115
\cmidrulewidth=\dimen116
\belowrulesep=\dimen117
\belowbottomsep=\dimen118
\aboverulesep=\dimen119
\abovetopsep=\dimen120
\cmidrulesep=\dimen121
\cmidrulekern=\dimen122
\defaultaddspace=\dimen123
\@cmidla=\count101
\@cmidlb=\count102
\@aboverulesep=\dimen124
\@belowrulesep=\dimen125
\@thisruleclass=\count103
\@lastruleclass=\count104
\@thisrulewidth=\dimen126
\ctableftskip=\skip113
\ctabrightskip=\skip114
\abovecolumnspenalty=\count105
\@linestogo=\count106
\@cellstogo=\count107
\@cellsincolumn=\count108
\crtok=\toks17
\@mincolumnwidth=\dimen127
\c@newflo@tctr=\count109
\mem@margin@floatbox=\box26
\@contcwidth=\skip115
\@contindw=\skip116
\abovecaptionskip=\skip117
\belowcaptionskip=\skip118
\subfloattopskip=\skip119
\subfloatcapskip=\skip120
\subfloatcaptopadj=\skip121
\subfloatbottomskip=\skip122
\subfloatlabelskip=\skip123
\subfloatcapmargin=\dimen128
\c@@contsubnum=\count110
\m@mscap@capbox=\box27
\m@mscap@fbox=\box28
\sidecapsep=\dimen129
\sidecapwidth=\dimen130
\m@m@tempdima=\dimen131
\m@mscapraise=\dimen132
\sidecapraise=\dimen133
\m@mscapmainwidth=\dimen134
\m@mscaplkern=\dimen135
\beforeepigraphskip=\skip124
\afterepigraphskip=\skip125
\epigraphwidth=\skip126
\epigraphrule=\skip127
LaTeX Info: Redefining \em on input line 7377.
LaTeX Info: Redefining \emph on input line 7385.
\tocentryskip=\skip128
\tocbaseline=\skip129
\cftparskip=\skip130
\cftbeforebookskip=\skip131
\cftbookindent=\dimen136
\cftbooknumwidth=\dimen137
\cftbeforepartskip=\skip132
\cftpartindent=\skip133
\cftpartnumwidth=\skip134
\cftbeforechapterskip=\skip135
\cftchapterindent=\skip136
\cftchapternumwidth=\skip137
\cftbeforesectionskip=\skip138
\cftsectionindent=\skip139
\cftsectionnumwidth=\skip140
\cftbeforesubsectionskip=\skip141
\cftsubsectionindent=\skip142
\cftsubsectionnumwidth=\skip143
\cftbeforesubsubsectionskip=\skip144
\cftsubsubsectionindent=\skip145
\cftsubsubsectionnumwidth=\skip146
\cftbeforeparagraphskip=\skip147
\cftparagraphindent=\skip148
\cftparagraphnumwidth=\skip149
\cftbeforesubparagraphskip=\skip150
\cftsubparagraphindent=\skip151
\cftsubparagraphnumwidth=\skip152
\prechapterprecisshift=\dimen138
\c@maxsecnumdepth=\count111
\bibindent=\dimen139
\bibitemsep=\skip153
\indexcolsep=\skip154
\indexrule=\skip155
\indexmarkstyle=\toks18
\@indexbox=\insert233
\glossarycolsep=\dimen140
\glossaryrule=\dimen141
\sideparvshift=\skip156
\sideins=\insert232
\sidebartopsep=\skip157
\sidebarhsep=\skip158
\sidebarvsep=\skip159
\sidebarwidth=\skip160
\footmarkwidth=\skip161
\footmarksep=\skip162
\footparindent=\skip163
\footinsdim=\skip164
\footinsv@r=\insert231
\@mpfootinsv@r=\insert230
\m@m@k=\count112
\m@m@h=\dimen142
\m@mipn@skip=\skip165
\sidefootins=\insert229
\sidefootadjust=\skip166
\sidefootheight=\skip167
\sidefoothsep=\skip168
\sidefootvsep=\skip169
\sidefootwidth=\skip170
\m@mdownsf=\skip171
\c@sidefootnote=\count113
\sidefootmarkwidth=\skip172
\sidefootmarksep=\skip173
\sidefootparindent=\skip174
\c@pagenote=\count114
\c@pagenoteshadow=\count115
\mem@pn@lastkern=\skip175
\every@verbatim=\toks19
\afterevery@verbatim=\toks20
\verbatim@line=\toks21
\tab@position=\count116
\verbatim@in@stream=\read1
\verbatimindent=\skip176
\verbatim@out=\write3
\bvboxsep=\skip177
\c@memfbvline=\count117
\c@bvlinectr=\count118
\bvnumlength=\skip178
\fb@frw=\dimen143
\fb@frh=\dimen144
\FrameRule=\dimen145
\FrameSep=\dimen146
\c@cp@cntr=\count119
LaTeX Info: Redefining \: on input line 11807.
LaTeX Info: Redefining \! on input line 11809.
\c@ism@mctr=\count120
\c@xsm@mctr=\count121
\c@csm@mctr=\count122
\c@ksm@mctr=\count123
\c@xksm@mctr=\count124
\c@cksm@mctr=\count125
\c@msm@mctr=\count126
\c@xmsm@mctr=\count127
\c@cmsm@mctr=\count128
\c@bsm@mctr=\count129
\c@workm@mctr=\count130
\c@sheetsequence=\count131
\c@lastsheet=\count132
\c@lastpage=\count133
\c@figure=\count134
\c@lofdepth=\count135
\cftbeforefigureskip=\skip179
\cftfigureindent=\skip180
\cftfigurenumwidth=\skip181
\c@table=\count136
\c@lotdepth=\count137
\cftbeforetableskip=\skip182
\cfttableindent=\skip183
\cfttablenumwidth=\skip184
Package abstract [2008/07/23] emulated by memoir.
Package appendix [2008/07/23] emulated by memoir.
Package array [2008/07/23] emulated by memoir.
Package booktabs [2008/07/23] emulated by memoir.
Package ccaption [2008/07/23] emulated by memoir.
Package changepage [2008/07/23] emulated by memoir.
Package chngcntr [2008/07/23] emulated by memoir.
Package chngpage [2008/07/23] emulated by memoir.
Package crop emulated by memoir.
Package dcolumn [2008/07/23] emulated by memoir.
Package delarray [2008/07/23] emulated by memoir.
Package enumerate [2008/07/23] emulated by memoir.
Package epigraph [2008/07/23] emulated by memoir.
Package ifmtarg [2008/07/23] emulated by memoir.
Package ifetex [2008/07/23] emulated by memoir.
Package index [2008/07/23] emulated by memoir.
Package makeidx [2008/07/23] emulated by memoir.
Package moreverb [2008/07/23] emulated by memoir.
Package mparhack [2008/07/23] emulated by memoir.
Package needspace [2008/07/23] emulated by memoir.
Package newfile [2008/07/23] emulated by memoir.
Package nextpage [2008/07/23] emulated by memoir.
Package pagenote [2008/07/23] emulated by memoir.
Package parskip [2008/07/23] emulated by memoir.
Package patchcmd [2008/07/23] emulated by memoir.
Package setspace [2008/07/23] emulated by memoir.
Package shortvrb [2008/07/23] emulated by memoir.
Package showidx [2008/07/23] emulated by memoir.
Package tabularx [2008/07/23] emulated by memoir.
Package titleref [2008/07/23] emulated by memoir.
Package titling [2008/07/23] emulated by memoir.
Package tocbibind [2008/07/23] emulated by memoir.
Package tocloft [2008/07/23] emulated by memoir.
Package tocvsec2 [2008/07/23] emulated by memoir.
Package verbatim [2008/07/23] emulated by memoir.
Package verse [2008/07/23] emulated by memoir.

(/usr/local/texlive/2011/texmf-dist/tex/latex/memoir/mempatch.sty
Package: mempatch 2009/07/24 v6.0f Patches for memoir class v1.6180339
))
(/usr/local/texlive/2011/texmf-dist/tex/latex/base/fixltx2e.sty
Package: fixltx2e 2006/09/13 v1.1m fixes to LaTeX
LaTeX Info: Redefining \em on input line 420.
LaTeX Info: Redefining \textsubscript on input line 424.
)
(/usr/local/texlive/2011/texmf-dist/tex/latex/base/fontenc.sty
Package: fontenc 2005/09/27 v1.99g Standard LaTeX package

(/usr/local/texlive/2011/texmf-dist/tex/latex/base/t1enc.def
File: t1enc.def 2005/09/27 v1.99g Standard LaTeX file
LaTeX Font Info:    Redeclaring font encoding T1 on input line 43.
))
(/usr/local/texlive/2011/texmf-dist/tex/generic/babel/babel.sty
Package: babel 2008/07/06 v3.8l The Babel package

(/usr/local/texlive/2011/texmf-dist/tex/generic/babel/danish.ldf
Language: danish 2009/09/19 v1.3r Danish support from the babel system

(/usr/local/texlive/2011/texmf-dist/tex/generic/babel/babel.def
File: babel.def 2008/07/06 v3.8l Babel common definitions
\babel@savecnt=\count138
\U@D=\dimen147
)
Package babel Info: Making " an active character on input line 82.
))
(/usr/local/texlive/2011/texmf-dist/tex/latex/enumitem/enumitem.sty
Package: enumitem 2009/05/18 v2.2 Customized lists
\enit@toks=\toks22

(/usr/local/texlive/2011/texmf-dist/tex/latex/graphics/keyval.sty
Package: keyval 1999/03/16 v1.13 key=value parser (DPC)
\KV@toks@=\toks23
)
\labelindent=\skip185
\enit@outerparindent=\dimen148
\enitdp@desc=\count139
)
(/usr/local/texlive/2011/texmf-dist/tex/latex/url/url.sty
\Urlmuskip=\muskip10
Package: url 2006/04/12  ver 3.3  Verb mode for urls, etc.
)
(/usr/local/texlive/2011/texmf-dist/tex/latex/base/ifthen.sty
Package: ifthen 2001/05/26 v1.1c Standard LaTeX ifthen package (DPC)
)
(/usr/local/texlive/2011/texmf-dist/tex/latex/base/textcomp.sty
Package: textcomp 2005/09/27 v1.99g Standard LaTeX package
Package textcomp Info: Sub-encoding information:
(textcomp)               5 = only ISO-Adobe without \textcurrency
(textcomp)               4 = 5 + \texteuro
(textcomp)               3 = 4 + \textohm
(textcomp)               2 = 3 + \textestimated + \textcurrency
(textcomp)               1 = TS1 - \textcircled - \t
(textcomp)               0 = TS1 (full)
(textcomp)             Font families with sub-encoding setting implement
(textcomp)             only a restricted character set as indicated.
(textcomp)             Family '?' is the default used for unknown fonts.
(textcomp)             See the documentation for details.
Package textcomp Info: Setting ? sub-encoding to TS1/1 on input line 71.

(/usr/local/texlive/2011/texmf-dist/tex/latex/base/ts1enc.def
File: ts1enc.def 2001/06/05 v3.0e (jk/car/fm) Standard LaTeX file
)
LaTeX Info: Redefining \oldstylenums on input line 266.
Package textcomp Info: Setting cmr sub-encoding to TS1/0 on input line 281.
Package textcomp Info: Setting cmss sub-encoding to TS1/0 on input line 282.
Package textcomp Info: Setting cmtt sub-encoding to TS1/0 on input line 283.
Package textcomp Info: Setting cmvtt sub-encoding to TS1/0 on input line 284.
Package textcomp Info: Setting cmbr sub-encoding to TS1/0 on input line 285.
Package textcomp Info: Setting cmtl sub-encoding to TS1/0 on input line 286.
Package textcomp Info: Setting ccr sub-encoding to TS1/0 on input line 287.
Package textcomp Info: Setting ptm sub-encoding to TS1/4 on input line 288.
Package textcomp Info: Setting pcr sub-encoding to TS1/4 on input line 289.
Package textcomp Info: Setting phv sub-encoding to TS1/4 on input line 290.
Package textcomp Info: Setting ppl sub-encoding to TS1/3 on input line 291.
Package textcomp Info: Setting pag sub-encoding to TS1/4 on input line 292.
Package textcomp Info: Setting pbk sub-encoding to TS1/4 on input line 293.
Package textcomp Info: Setting pnc sub-encoding to TS1/4 on input line 294.
Package textcomp Info: Setting pzc sub-encoding to TS1/4 on input line 295.
Package textcomp Info: Setting bch sub-encoding to TS1/4 on input line 296.
Package textcomp Info: Setting put sub-encoding to TS1/5 on input line 297.
Package textcomp Info: Setting uag sub-encoding to TS1/5 on input line 298.
Package textcomp Info: Setting ugq sub-encoding to TS1/5 on input line 299.
Package textcomp Info: Setting ul8 sub-encoding to TS1/4 on input line 300.
Package textcomp Info: Setting ul9 sub-encoding to TS1/4 on input line 301.
Package textcomp Info: Setting augie sub-encoding to TS1/5 on input line 302.
Package textcomp Info: Setting dayrom sub-encoding to TS1/3 on input line 303.
Package textcomp Info: Setting dayroms sub-encoding to TS1/3 on input line 304.

Package textcomp Info: Setting pxr sub-encoding to TS1/0 on input line 305.
Package textcomp Info: Setting pxss sub-encoding to TS1/0 on input line 306.
Package textcomp Info: Setting pxtt sub-encoding to TS1/0 on input line 307.
Package textcomp Info: Setting txr sub-encoding to TS1/0 on input line 308.
Package textcomp Info: Setting txss sub-encoding to TS1/0 on input line 309.
Package textcomp Info: Setting txtt sub-encoding to TS1/0 on input line 310.
Package textcomp Info: Setting futs sub-encoding to TS1/4 on input line 311.
Package textcomp Info: Setting futx sub-encoding to TS1/4 on input line 312.
Package textcomp Info: Setting futj sub-encoding to TS1/4 on input line 313.
Package textcomp Info: Setting hlh sub-encoding to TS1/3 on input line 314.
Package textcomp Info: Setting hls sub-encoding to TS1/3 on input line 315.
Package textcomp Info: Setting hlst sub-encoding to TS1/3 on input line 316.
Package textcomp Info: Setting hlct sub-encoding to TS1/5 on input line 317.
Package textcomp Info: Setting hlx sub-encoding to TS1/5 on input line 318.
Package textcomp Info: Setting hlce sub-encoding to TS1/5 on input line 319.
Package textcomp Info: Setting hlcn sub-encoding to TS1/5 on input line 320.
Package textcomp Info: Setting hlcw sub-encoding to TS1/5 on input line 321.
Package textcomp Info: Setting hlcf sub-encoding to TS1/5 on input line 322.
Package textcomp Info: Setting pplx sub-encoding to TS1/3 on input line 323.
Package textcomp Info: Setting pplj sub-encoding to TS1/3 on input line 324.
Package textcomp Info: Setting ptmx sub-encoding to TS1/4 on input line 325.
Package textcomp Info: Setting ptmj sub-encoding to TS1/4 on input line 326.
)
(/usr/local/texlive/2011/texmf-dist/tex/latex/tools/multicol.sty
Package: multicol 2008/12/05 v1.6h multicolumn formatting (FMi)
\c@tracingmulticols=\count140
\mult@box=\box29
\multicol@leftmargin=\dimen149
\c@unbalance=\count141
\c@collectmore=\count142
\doublecol@number=\count143
\multicoltolerance=\count144
\multicolpretolerance=\count145
\full@width=\dimen150
\page@free=\dimen151
\premulticols=\dimen152
\postmulticols=\dimen153
\multicolsep=\skip186
\multicolbaselineskip=\skip187
\partial@page=\box30
\last@line=\box31
\mult@rightbox=\box32
\mult@grightbox=\box33
\mult@gfirstbox=\box34
\mult@firstbox=\box35
\@tempa=\box36
\@tempa=\box37
\@tempa=\box38
\@tempa=\box39
\@tempa=\box40
\@tempa=\box41
\@tempa=\box42
\@tempa=\box43
\@tempa=\box44
\@tempa=\box45
\@tempa=\box46
\@tempa=\box47
\@tempa=\box48
\@tempa=\box49
\@tempa=\box50
\@tempa=\box51
\@tempa=\box52
\c@columnbadness=\count146
\c@finalcolumnbadness=\count147
\last@try=\dimen154
\multicolovershoot=\dimen155
\multicolundershoot=\dimen156
\mult@nat@firstbox=\box53
\colbreak@box=\box54
)
(/usr/local/texlive/2011/texmf-dist/tex/latex/amsmath/amsmath.sty
Package: amsmath 2000/07/18 v2.13 AMS math features
\@mathmargin=\skip188

For additional information on amsmath, use the `?' option.
(/usr/local/texlive/2011/texmf-dist/tex/latex/amsmath/amstext.sty
Package: amstext 2000/06/29 v2.01

(/usr/local/texlive/2011/texmf-dist/tex/latex/amsmath/amsgen.sty
File: amsgen.sty 1999/11/30 v2.0
\@emptytoks=\toks24
\ex@=\dimen157
))
(/usr/local/texlive/2011/texmf-dist/tex/latex/amsmath/amsbsy.sty
Package: amsbsy 1999/11/29 v1.2d
\pmbraise@=\dimen158
)
(/usr/local/texlive/2011/texmf-dist/tex/latex/amsmath/amsopn.sty
Package: amsopn 1999/12/14 v2.01 operator names
)
\inf@bad=\count148
LaTeX Info: Redefining \frac on input line 211.
\uproot@=\count149
\leftroot@=\count150
LaTeX Info: Redefining \overline on input line 307.
\classnum@=\count151
\DOTSCASE@=\count152
LaTeX Info: Redefining \ldots on input line 379.
LaTeX Info: Redefining \dots on input line 382.
LaTeX Info: Redefining \cdots on input line 467.
\Mathstrutbox@=\box55
\strutbox@=\box56
\big@size=\dimen159
LaTeX Font Info:    Redeclaring font encoding OML on input line 567.
LaTeX Font Info:    Redeclaring font encoding OMS on input line 568.
\macc@depth=\count153
\c@MaxMatrixCols=\count154
\dotsspace@=\muskip11
\c@parentequation=\count155
\dspbrk@lvl=\count156
\tag@help=\toks25
\row@=\count157
\column@=\count158
\maxfields@=\count159
\andhelp@=\toks26
\eqnshift@=\dimen160
\alignsep@=\dimen161
\tagshift@=\dimen162
\tagwidth@=\dimen163
\totwidth@=\dimen164
\lineht@=\dimen165
\@envbody=\toks27
\multlinegap=\skip189
\multlinetaggap=\skip190
\mathdisplay@stack=\toks28
LaTeX Info: Redefining \[ on input line 2666.
LaTeX Info: Redefining \] on input line 2667.
)
(/usr/local/texlive/2011/texmf-dist/tex/latex/amsfonts/amssymb.sty
Package: amssymb 2009/06/22 v3.00

(/usr/local/texlive/2011/texmf-dist/tex/latex/amsfonts/amsfonts.sty
Package: amsfonts 2009/06/22 v3.00 Basic AMSFonts support
\symAMSa=\mathgroup4
\symAMSb=\mathgroup5
LaTeX Font Info:    Overwriting math alphabet `\mathfrak' in version `bold'
(Font)                  U/euf/m/n --> U/euf/b/n on input line 96.
))
(/usr/local/texlive/2011/texmf-dist/tex/latex/amscls/amsthm.sty
Package: amsthm 2009/07/02 v2.20.1
\thm@style=\toks29
\thm@bodyfont=\toks30
\thm@headfont=\toks31
\thm@notefont=\toks32
\thm@headpunct=\toks33
\thm@preskip=\skip191
\thm@postskip=\skip192
\thm@headsep=\skip193
\dth@everypar=\toks34
)
(/usr/local/texlive/2011/texmf-dist/tex/latex/base/latexsym.sty
Package: latexsym 1998/08/17 v2.2e Standard LaTeX package (lasy symbols)
\symlasy=\mathgroup6
LaTeX Font Info:    Overwriting symbol font `lasy' in version `bold'
(Font)                  U/lasy/m/n --> U/lasy/b/n on input line 47.
)
(/usr/local/texlive/2011/texmf-dist/tex/latex/graphics/graphicx.sty
Package: graphicx 1999/02/16 v1.0f Enhanced LaTeX Graphics (DPC,SPQR)

(/usr/local/texlive/2011/texmf-dist/tex/latex/graphics/graphics.sty
Package: graphics 2009/02/05 v1.0o Standard LaTeX Graphics (DPC,SPQR)

(/usr/local/texlive/2011/texmf-dist/tex/latex/graphics/trig.sty
Package: trig 1999/03/16 v1.09 sin cos tan (DPC)
)
(/usr/local/texlive/2011/texmf-dist/tex/latex/latexconfig/graphics.cfg
File: graphics.cfg 2010/04/23 v1.9 graphics configuration of TeX Live
)
Package graphics Info: Driver file: pdftex.def on input line 91.

(/usr/local/texlive/2011/texmf-dist/tex/latex/pdftex-def/pdftex.def
File: pdftex.def 2011/05/27 v0.06d Graphics/color for pdfTeX

(/usr/local/texlive/2011/texmf-dist/tex/generic/oberdiek/infwarerr.sty
Package: infwarerr 2010/04/08 v1.3 Providing info/warning/message (HO)
)
(/usr/local/texlive/2011/texmf-dist/tex/generic/oberdiek/ltxcmds.sty
Package: ltxcmds 2011/04/18 v1.20 LaTeX kernel commands for general use (HO)
)
\Gread@gobject=\count160
))
\Gin@req@height=\dimen166
\Gin@req@width=\dimen167
)
(/usr/local/texlive/2011/texmf-dist/tex/latex/graphics/color.sty
Package: color 2005/11/14 v1.0j Standard LaTeX Color (DPC)

(/usr/local/texlive/2011/texmf-dist/tex/latex/latexconfig/color.cfg
File: color.cfg 2007/01/18 v1.5 color configuration of teTeX/TeXLive
)
Package color Info: Driver file: pdftex.def on input line 130.
)

******************************************************
Stock height and width: 597.50787pt by 421.10078pt
Top and edge trims: 0pt and 0pt
Page height and width: 597.50787pt by 421.10078pt
Text height and width: 419.00018pt by 310pt
Spine and edge margins: 38.31482pt and 72.78596pt
Upper and lower margins: 88.75394pt and 89.75375pt
Headheight and headsep: 13.6pt and 50pt
Footskip: 50pt
Columnsep and columnseprule: 10pt and 0pt
Marginparsep and marginparwidth: 7pt and 51pt
Sidecapsep and sidecapwidth: 7pt and 51pt
Sidebarhsep and sidebarwidth: 7pt and 51pt
Sidebarvsep and sidebartopsep: 13.6pt and 0pt
Sidebarheight: 349.52011pt
Sidefoothsep and sidefootwidth: 7pt and 51pt
Sidefootvsep and sidefootheight: 13.6pt and 349.52011pt
******************************************************

\c@saetning=\count161
\marginoverlap=\skip194
\chapterrulelength=\skip195
) (/usr/local/texlive/2011/texmf-dist/tex/latex/mh/xfrac.sty
(/usr/local/texlive/2011/texmf-dist/tex/latex/expl3/expl3.sty
(/usr/local/texlive/2011/texmf-dist/tex/latex/expl3/l3names.sty
Package: l3names 2011/01/08 v2122 L3 Experimental Naming Scheme for TeX Primiti
ves
)
Package: expl3 2011/04/09 v2222 L3 Experimental code bundle wrapper

(/usr/local/texlive/2011/texmf-dist/tex/latex/expl3/l3basics.sty
Package: l3basics 2011/04/23 v2246 L3 Experimental basic definitions
)
(/usr/local/texlive/2011/texmf-dist/tex/latex/expl3/l3expan.sty
Package: l3expan 2011/04/09 v2223 L3 Experimental Argument Expansion module
)
(/usr/local/texlive/2011/texmf-dist/tex/latex/expl3/l3tl.sty
Package: l3tl 2011/04/09 v2223 L3 Experimental Token Lists
)
(/usr/local/texlive/2011/texmf-dist/tex/latex/expl3/l3int.sty
Package: l3int 2011/04/11 v2229 L3 Experimental Integer module
\l_tmpa_int=\count162
\l_tmpb_int=\count163
\l_tmpc_int=\count164
\g_tmpa_int=\count165
\g_tmpb_int=\count166
\c_max_int=\count167
\g_tl_inline_level_int=\count168
\g_prg_inline_level_int=\count169
)
(/usr/local/texlive/2011/texmf-dist/tex/latex/expl3/l3quark.sty
Package: l3quark 2011/04/14 v2234 L3 Experimental Quark Commands
)
(/usr/local/texlive/2011/texmf-dist/tex/latex/expl3/l3seq.sty
Package: l3seq 2011/04/21 v2245 The LaTeX3 kernel: sequences and stacks
\g_seq_nesting_depth_int=\count170
)
(/usr/local/texlive/2011/texmf-dist/tex/latex/expl3/l3toks.sty
Package: l3toks 2011/04/09 v2223 L3 Experimental Token Registers
\l_tmpb_toks=\toks35
\l_tmpc_toks=\toks36
\g_tmpa_toks=\toks37
\g_tmpb_toks=\toks38
\g_tmpc_toks=\toks39
\c_empty_toks=\toks40
\l_tl_replace_toks=\toks41
)
(/usr/local/texlive/2011/texmf-dist/tex/latex/expl3/l3prg.sty
Package: l3prg 2011/04/09 v2223 L3 Experimental control structures
)
(/usr/local/texlive/2011/texmf-dist/tex/latex/expl3/l3clist.sty
Package: l3clist 2011/04/09 v2223 L3 Experimental comma separated lists
\g_clist_map_inline_int=\count171
)
(/usr/local/texlive/2011/texmf-dist/tex/latex/expl3/l3token.sty
Package: l3token 2011/04/09 v2223 L3 Experimental token investigation and manip
ulation
)
(/usr/local/texlive/2011/texmf-dist/tex/latex/expl3/l3prop.sty
Package: l3prop 2011/04/09 v2223 L3 Experimental Property Lists
\g_prop_inline_level_int=\count172
)
(/usr/local/texlive/2011/texmf-dist/tex/latex/expl3/l3msg.sty
Package: l3msg 2010/10/02 v2052 L3 Experimental LaTeX Messages module
\l_msg_redirect_classes_prop=\toks42
\l_msg_redirect_names_prop=\toks43
\l_msg_redirect_fatal_prop=\toks44
\l_msg_redirect_error_prop=\toks45
\l_msg_redirect_warning_prop=\toks46
\l_msg_redirect_info_prop=\toks47
\l_msg_redirect_log_prop=\toks48
\l_msg_redirect_trace_prop=\toks49
\l_msg_redirect_none_prop=\toks50
)
(/usr/local/texlive/2011/texmf-dist/tex/latex/expl3/l3io.sty
Package: l3io 2010/10/03 v2063 L3 Experimental i/o module
\g_iow_streams_prop=\toks51
\g_ior_streams_prop=\toks52
\l_iow_stream_int=\count173
)
(/usr/local/texlive/2011/texmf-dist/tex/latex/expl3/l3skip.sty
Package: l3skip 2011/02/15 v2149 L3 Experimental skip registers
\l_tmpa_skip=\skip196
Normal \skip register pool exhausted, switching to extended pool.
\l_tmpb_skip=\skip256
\l_tmpc_skip=\skip257
\g_tmpa_skip=\skip258
\g_tmpb_skip=\skip259
\l_tmpa_dim=\dimen168
\l_tmpb_dim=\dimen169
\l_tmpc_dim=\dimen170
\l_tmpd_dim=\dimen171
\g_tmpa_dim=\dimen172
\g_tmpb_dim=\dimen173
)
(/usr/local/texlive/2011/texmf-dist/tex/latex/expl3/l3box.sty
Package: l3box 2011/04/09 v2223 L3 Experimental Box module
\l_tmpb_box=\box57
)
(/usr/local/texlive/2011/texmf-dist/tex/latex/expl3/l3keyval.sty
Package: l3keyval 2011/04/09 v2223 L3 Experimental keyval processing
\l_KV_level_int=\count174
)
(/usr/local/texlive/2011/texmf-dist/tex/latex/expl3/l3keys.sty
Package: l3keys 2010/11/11 v2082 L3 Experimental key-value support
\l_keys_choice_int=\count175
)
(/usr/local/texlive/2011/texmf-dist/tex/latex/expl3/l3precom.sty
Package: l3precom 2011/04/09 v2223 L3 Experimental precompilation module
\g_gen_sym_int=\count176
\g_ggen_sym_int=\count177
)
(/usr/local/texlive/2011/texmf-dist/tex/latex/expl3/l3xref.sty
Package: l3xref 2011/04/09 v2223 L3 Experimental cross referencing
\g_xref_all_curr_immediate_fields_prop=\toks53
\g_xref_all_curr_deferred_fields_prop=\toks54
)
(/usr/local/texlive/2011/texmf-dist/tex/latex/expl3/l3file.sty
Package: l3file 2011/04/21 v2242 The LaTeX3 kernel: file operations
)
(/usr/local/texlive/2011/texmf-dist/tex/latex/expl3/l3fp.sty
Package: l3fp 2011/03/19 v2201 L3 Experimental floating-point operations
\c_one_million=\count178
\c_one_hundred_million=\count179
\c_five_hundred_million=\count180
\c_one_thousand_million=\count181
\c_fp_pi_by_four_decimal_int=\count182
\c_fp_pi_by_four_extended_int=\count183
\c_fp_pi_decimal_int=\count184
\c_fp_pi_extended_int=\count185
\c_fp_two_pi_decimal_int=\count186
\c_fp_two_pi_extended_int=\count187
\l_fp_count_int=\count188
\l_fp_div_offset_int=\count189
\l_fp_exp_integer_int=\count190
\l_fp_exp_decimal_int=\count191
\l_fp_exp_extended_int=\count192
\l_fp_exp_exponent_int=\count193
\l_fp_input_a_sign_int=\count194
\l_fp_input_a_integer_int=\count195
\l_fp_input_a_decimal_int=\count196
Normal \count register pool exhausted, switching to extended pool.
\l_fp_input_a_exponent_int=\count277
\l_fp_input_b_sign_int=\count278
\l_fp_input_b_integer_int=\count279
\l_fp_input_b_decimal_int=\count280
\l_fp_input_b_exponent_int=\count281
\l_fp_input_a_extended_int=\count282
\l_fp_input_b_extended_int=\count283
\l_fp_mul_a_i_int=\count284
\l_fp_mul_a_ii_int=\count285
\l_fp_mul_a_iii_int=\count286
\l_fp_mul_a_iv_int=\count287
\l_fp_mul_a_v_int=\count288
\l_fp_mul_a_vi_int=\count289
\l_fp_mul_b_i_int=\count290
\l_fp_mul_b_ii_int=\count291
\l_fp_mul_b_iii_int=\count292
\l_fp_mul_b_iv_int=\count293
\l_fp_mul_b_v_int=\count294
\l_fp_mul_b_vi_int=\count295
\l_fp_mul_output_int=\count296
\l_fp_output_sign_int=\count297
\l_fp_output_integer_int=\count298
\l_fp_output_decimal_int=\count299
\l_fp_output_exponent_int=\count300
\l_fp_output_extended_int=\count301
\l_fp_round_position_int=\count302
\l_fp_round_target_int=\count303
\l_fp_split_sign_int=\count304
\l_fp_tmp_int=\count305
\l_fp_trig_octant_int=\count306
\l_fp_trig_sign_int=\count307
\l_fp_trig_decimal_int=\count308
\l_fp_trig_extended_int=\count309
\l_fp_tmp_dim=\dimen174
\l_fp_tmp_skip=\skip260
)
(/usr/local/texlive/2011/texmf-dist/tex/latex/expl3/l3luatex.sty
Package: l3luatex 2010/07/18 v1985 L3 Experimental LuaTeX functions
\g_cctab_allocate_int=\count310
\g_cctab_stack_int=\count311
)
(/usr/local/texlive/2011/texmf-dist/tex/latex/tools/calc.sty
Package: calc 2007/08/22 v4.3 Infix arithmetic (KKT,FJ)
\calc@Acount=\count312
\calc@Bcount=\count313
\calc@Adimen=\dimen175
\calc@Bdimen=\dimen176
\calc@Askip=\skip261
\calc@Bskip=\skip262
LaTeX Info: Redefining \setlength on input line 76.
LaTeX Info: Redefining \addtolength on input line 77.
\calc@Ccount=\count314
\calc@Cskip=\skip263
))
Package: xfrac 2010/02/02 v0.3 Text fractions

(/usr/local/texlive/2011/texmf-dist/tex/latex/xpackages/xtras/l3keys2e.sty
Package: l3keys2e 2011/05/06 v2320 Parsing LaTeX3 keyvals as LaTeX2e package op
tions

(/usr/local/texlive/2011/texmf-dist/tex/latex/xpackages/xbase/xparse.sty
Package: xparse 2011/04/08 v2219 Generic document command parser
\c_xparse_shorthands_prop=\toks55
\l_xparse_m_args_int=\count315
\l_xparse_mandatory_args_int=\count316
\l_xparse_processor_int=\count317
\l_xparse_total_args_int=\count318
))
(/usr/local/texlive/2011/texmf-dist/tex/latex/xpackages/xbase/xtemplate.sty
Package: xtemplate 2011/01/03 v2115 Prototype document functions
\g_xtemplate_object_type_prop=\toks56
\l_xtemplate_collections_prop=\toks57
\l_xtemplate_keytypes_prop=\toks58
\l_xtemplate_values_prop=\toks59
\l_xtemplate_vars_prop=\toks60
\l_xtemplate_tmp_dim=\dimen177
\l_xtemplate_tmp_int=\count319
\l_xtemplate_tmp_skip=\skip264
)
\l_xfrac_slash_box=\box58
\l_xfrac_tmp_box=\box59
\l_xfrac_denominator_bot_sep_dim=\dimen178
\l_xfrac_numerator_bot_sep_dim=\dimen179
\l_xfrac_numerator_top_sep_dim=\dimen180
\l_xfrac_slash_left_sep_dim=\dimen181
\l_xfrac_slash_right_sep_dim=\dimen182
 LaTeX info: Defining object type 'xfrac' with 3 argument(s) on line 71.

\g_xtemplate_defaults>xfrac/text_prop=\toks61
 LaTeX info: Defining template interface for 'xfrac/text' on line 97.

\g_xtemplate_keytypes>xfrac/text_prop=\toks62
 LaTeX info: Defining template code for 'xfrac/text' on line 303.

\g_xtemplate_vars>xfrac/text_prop=\toks63
\g_xtemplate_defaults>xfrac/math_prop=\toks64
 LaTeX info: Defining template interface for 'xfrac/math' on line 316.

\g_xtemplate_keytypes>xfrac/math_prop=\toks65
 LaTeX info: Defining template code for 'xfrac/math' on line 316.

\g_xtemplate_vars>xfrac/math_prop=\toks66
\l_xtemplate_values>xfrac//default_prop=\toks67
\l_xtemplate_values>xfrac//mathdefault_prop=\toks68
\l_xtemplate_values>xfrac/plainmath/mathdefault_prop=\toks69
\l_xtemplate_values>xfrac//cmr_prop=\toks70
\l_xtemplate_values>xfrac//cmss_prop=\toks71
\l_xtemplate_values>xfrac//cmtt_prop=\toks72
\l_xtemplate_values>xfrac//lmr_prop=\toks73
\l_xtemplate_values>xfrac//lmss_prop=\toks74
\l_xtemplate_values>xfrac//lmtt_prop=\toks75
 LaTeX info: Defining document command \sfrac
(LaTeX)  with arg. spec. 'omom' on line 396.

)
(./Side 9 sætningen.aux)
\openout1 = `"Side 9 sætningen.aux"'.

LaTeX Font Info:    Checking defaults for OML/cmm/m/it on input line 8.
LaTeX Font Info:    ... okay on input line 8.
LaTeX Font Info:    Checking defaults for T1/cmr/m/n on input line 8.
LaTeX Font Info:    ... okay on input line 8.
LaTeX Font Info:    Checking defaults for OT1/cmr/m/n on input line 8.
LaTeX Font Info:    ... okay on input line 8.
LaTeX Font Info:    Checking defaults for OMS/cmsy/m/n on input line 8.
LaTeX Font Info:    ... okay on input line 8.
LaTeX Font Info:    Checking defaults for OMX/cmex/m/n on input line 8.
LaTeX Font Info:    ... okay on input line 8.
LaTeX Font Info:    Checking defaults for U/cmr/m/n on input line 8.
LaTeX Font Info:    ... okay on input line 8.
LaTeX Font Info:    Checking defaults for TS1/cmr/m/n on input line 8.
LaTeX Font Info:    Try loading font information for TS1+cmr on input line 8.

(/usr/local/texlive/2011/texmf-dist/tex/latex/base/ts1cmr.fd
File: ts1cmr.fd 1999/05/25 v2.5h Standard LaTeX font definitions
)
LaTeX Font Info:    ... okay on input line 8.

(/usr/local/texlive/2011/texmf-dist/tex/context/base/supp-pdf.mkii
[Loading MPS to PDF converter (version 2006.09.02).]
\scratchcounter=\count320
\scratchdimen=\dimen183
\scratchbox=\box60
\nofMPsegments=\count321
\nofMParguments=\count322
\everyMPshowfont=\toks76
\MPscratchCnt=\count323
\MPscratchDim=\dimen184
\MPnumerator=\count324
\makeMPintoPDFobject=\count325
\everyMPtoPDFconversion=\toks77
) (/usr/local/texlive/2011/texmf-dist/tex/generic/oberdiek/pdftexcmds.sty
Package: pdftexcmds 2011/04/22 v0.16 Utilities of pdfTeX for LuaTeX (HO)
Package pdftexcmds Info: LuaTeX not detected.
Package pdftexcmds Info: \pdf@primitive is available.
Package pdftexcmds Info: \pdf@ifprimitive is available.
Package pdftexcmds Info: \pdfdraftmode found.
)
(/usr/local/texlive/2011/texmf-dist/tex/latex/oberdiek/epstopdf-base.sty
Package: epstopdf-base 2010/02/09 v2.5 Base part for package epstopdf

(/usr/local/texlive/2011/texmf-dist/tex/latex/oberdiek/grfext.sty
Package: grfext 2010/08/19 v1.1 Managing graphics extensions (HO)

(/usr/local/texlive/2011/texmf-dist/tex/generic/oberdiek/kvdefinekeys.sty
Package: kvdefinekeys 2011/04/07 v1.3 Defining keys (HO)
))
(/usr/local/texlive/2011/texmf-dist/tex/latex/oberdiek/kvoptions.sty
Package: kvoptions 2010/12/23 v3.10 Keyval support for LaTeX options (HO)

(/usr/local/texlive/2011/texmf-dist/tex/generic/oberdiek/kvsetkeys.sty
Package: kvsetkeys 2011/04/07 v1.13 Key value parser (HO)

(/usr/local/texlive/2011/texmf-dist/tex/generic/oberdiek/etexcmds.sty
Package: etexcmds 2011/02/16 v1.5 Prefix for e-TeX command names (HO)
Package etexcmds Info: Could not find \expanded.
(etexcmds)             That can mean that you are not using pdfTeX 1.50 or
(etexcmds)             that some package has redefined \expanded.
(etexcmds)             In the latter case, load this package earlier.
)))
Package grfext Info: Graphics extension search list:
(grfext)             [.png,.pdf,.jpg,.mps,.jpeg,.jbig2,.jb2,.PNG,.PDF,.JPG,.JPE
G,.JBIG2,.JB2,.eps]
(grfext)             \AppendGraphicsExtensions on input line 452.

(/usr/local/texlive/2011/texmf-dist/tex/latex/latexconfig/epstopdf-sys.cfg
File: epstopdf-sys.cfg 2010/07/13 v1.3 Configuration of (r)epstopdf for TeX Liv
e
))
LaTeX Font Info:    Try loading font information for T1+cmss on input line 10.

(/usr/local/texlive/2011/texmf-dist/tex/latex/base/t1cmss.fd
File: t1cmss.fd 1999/05/25 v2.5h Standard LaTeX font definitions
)
LaTeX Font Info:    Try loading font information for U+msa on input line 14.

(/usr/local/texlive/2011/texmf-dist/tex/latex/amsfonts/umsa.fd
File: umsa.fd 2009/06/22 v3.00 AMS symbols A
)
LaTeX Font Info:    Try loading font information for U+msb on input line 14.

(/usr/local/texlive/2011/texmf-dist/tex/latex/amsfonts/umsb.fd
File: umsb.fd 2009/06/22 v3.00 AMS symbols B
)
LaTeX Font Info:    Try loading font information for U+lasy on input line 14.

(/usr/local/texlive/2011/texmf-dist/tex/latex/base/ulasy.fd
File: ulasy.fd 1998/08/17 v2.2e LaTeX symbol font definitions
)
<Tegning.jpg, id=1, 1476.51625pt x 701.62125pt>
File: Tegning.jpg Graphic file (type jpg)
 <use Tegning.jpg>
Package pdftex.def Info: Tegning.jpg used on input line 22.
(pdftex.def)             Requested size: 221.46788pt x 105.23863pt.
 [1{/usr/local/texlive/2011/texmf-var/fonts/map/pdftex/updmap/pdftex.map}



 <./Tegning.jpg>]
LaTeX Font Info:    Calculating math sizes for size <7.66495> on input line 27.



LaTeX Font Warning: Font shape `OT1/cmr/m/n' in size <3.83247> not available
(Font)              size <5> substituted on input line 27.


LaTeX Font Warning: Font shape `OML/cmm/m/it' in size <3.83247> not available
(Font)              size <5> substituted on input line 27.


LaTeX Font Warning: Font shape `OMS/cmsy/m/n' in size <3.83247> not available
(Font)              size <5> substituted on input line 27.


LaTeX Font Warning: Font shape `U/lasy/m/n' in size <3.83247> not available
(Font)              size <5> substituted on input line 27.


Underfull \hbox (badness 10000) in paragraph at lines 29--30

 []


Underfull \hbox (badness 10000) in paragraph at lines 36--37

 []

[2] [3] (./Side 9 sætningen.aux)

LaTeX Font Warning: Size substitutions with differences
(Font)              up to 2.90001pt have occurred.

 ) 
Here is how much of TeX's memory you used:
 11967 strings out of 493633
 185427 string characters out of 3143377
 270991 words of memory out of 3000000
 15058 multiletter control sequences out of 15000+200000
 25784 words of font info for 85 fonts, out of 3000000 for 9000
 831 hyphenation exceptions out of 8191
 42i,19n,34p,988b,413s stack positions out of 5000i,500n,10000p,200000b,50000s
{/usr/local/texlive/2011/texmf-dist/fonts/enc/dvips/cm-super/cm-super-t1.enc}
</usr/local/texlive/2011/texmf-dist/fonts/type1/public/amsfonts/cm/cmmi10.pfb><
/usr/local/texlive/2011/texmf-dist/fonts/type1/public/amsfonts/cm/cmmi5.pfb></u
sr/local/texlive/2011/texmf-dist/fonts/type1/public/amsfonts/cm/cmmi6.pfb></usr
/local/texlive/2011/texmf-dist/fonts/type1/public/amsfonts/cm/cmmi8.pfb></usr/l
ocal/texlive/2011/texmf-dist/fonts/type1/public/amsfonts/cm/cmmi9.pfb></usr/loc
al/texlive/2011/texmf-dist/fonts/type1/public/amsfonts/cm/cmr10.pfb></usr/local
/texlive/2011/texmf-dist/fonts/type1/public/amsfonts/cm/cmr5.pfb></usr/local/te
xlive/2011/texmf-dist/fonts/type1/public/amsfonts/cm/cmr6.pfb></usr/local/texli
ve/2011/texmf-dist/fonts/type1/public/amsfonts/cm/cmr8.pfb></usr/local/texlive/
2011/texmf-dist/fonts/type1/public/amsfonts/cm/cmr9.pfb></usr/local/texlive/201
1/texmf-dist/fonts/type1/public/amsfonts/cm/cmsy10.pfb></usr/local/texlive/2011
/texmf-dist/fonts/type1/public/amsfonts/cm/cmsy8.pfb></usr/local/texlive/2011/t
exmf-dist/fonts/type1/public/amsfonts/cm/cmsy9.pfb></usr/local/texlive/2011/tex
mf-dist/fonts/type1/public/amsfonts/symbols/msbm10.pfb></usr/local/texlive/2011
/texmf-dist/fonts/type1/public/cm-super/sfcc1095.pfb></usr/local/texlive/2011/t
exmf-dist/fonts/type1/public/cm-super/sfrm0600.pfb></usr/local/texlive/2011/tex
mf-dist/fonts/type1/public/cm-super/sfrm0800.pfb></usr/local/texlive/2011/texmf
-dist/fonts/type1/public/cm-super/sfrm0900.pfb></usr/local/texlive/2011/texmf-d
ist/fonts/type1/public/cm-super/sfrm1095.pfb></usr/local/texlive/2011/texmf-dis
t/fonts/type1/public/cm-super/sfss1095.pfb></usr/local/texlive/2011/texmf-dist/
fonts/type1/public/cm-super/sfsx1095.pfb></usr/local/texlive/2011/texmf-dist/fo
nts/type1/public/cm-super/sfsx1200.pfb></usr/local/texlive/2011/texmf-dist/font
s/type1/public/cm-super/sfsx2074.pfb></usr/local/texlive/2011/texmf-dist/fonts/
type1/public/cm-super/sfti0900.pfb></usr/local/texlive/2011/texmf-dist/fonts/ty
pe1/public/cm-super/sfti1095.pfb>
Output written on "Side 9 sætningen.pdf" (3 pages, 453477 bytes).
PDF statistics:
 116 PDF objects out of 1000 (max. 8388607)
 84 compressed objects within 1 object stream
 0 named destinations out of 1000 (max. 500000)
 6 words of extra memory for PDF output out of 10000 (max. 10000000)

