This is pdfTeX, Version 3.14159265-2.6-1.40.18 (TeX Live 2017/Debian) (preloaded format=pdflatex 2018.11.16)  17 FEB 2019 17:22
entering extended mode
 restricted \write18 enabled.
 %&-line parsing enabled.
**"/home/leidem/pCloud/My papers and talks/AD to Woodins/AdToWoodins.tex"
(/home/leidem/pCloud/My papers and talks/AD to Woodins/AdToWoodins.tex
LaTeX2e <2017-04-15>
Babel <3.18> and hyphenation patterns for 84 language(s) loaded.

! LaTeX Error: File `/Users/dn16382/Dropbox/std_preamble.tex' not found.

Type X to quit or <RETURN> to proceed,
or enter new name. (Default extension: tex)

Enter file name: 
! Emergency stop.
<read *> 
         
l.4 ...ut{/Users/dn16382/Dropbox/std_preamble.tex}
                                                  ^^M
*** (cannot \read from terminal in nonstop modes)

 
Here is how much of TeX's memory you used:
 10 strings out of 492982
 496 string characters out of 6134895
 53886 words of memory out of 5000000
 3672 multiletter control sequences out of 15000+600000
 3640 words of font info for 14 fonts, out of 8000000 for 9000
 1141 hyphenation exceptions out of 8191
 7i,0n,6p,132b,8s stack positions out of 5000i,500n,10000p,200000b,80000s
!  ==> Fatal error occurred, no output PDF file produced!
